21:38:29 INFO  : Registering command handlers for SDK TCF services
21:38:30 INFO  : Launching XSCT server: xsct.bat -interactive C:\Users\Matt\Desktop\ece315_labs\lab1\kypd_ssd_gpio-20220129T172209Z-001\kypd_ssd_gpio\kypd_ssd_gpio.sdk\temp_xsdb_launch_script.tcl
21:38:32 INFO  : XSCT server has started successfully.
21:38:34 INFO  : Successfully done setting XSCT server connection channel  
21:38:34 INFO  : Successfully done setting SDK workspace  
21:38:34 INFO  : Processing command line option -hwspec C:/Users/Matt/Desktop/ece315_labs/lab1/kypd_ssd_gpio-20220129T172209Z-001/kypd_ssd_gpio/kypd_ssd_gpio.sdk/design_1_wrapper.hdf.
21:48:19 INFO  : Registering command handlers for SDK TCF services
21:48:20 INFO  : Launching XSCT server: xsct.bat -interactive C:\Users\Matt\Desktop\ece315_labs\lab1\kypd_ssd_gpio-20220129T172209Z-001\kypd_ssd_gpio\kypd_ssd_gpio.sdk\temp_xsdb_launch_script.tcl
21:48:22 INFO  : XSCT server has started successfully.
21:48:22 INFO  : Successfully done setting XSCT server connection channel  
21:48:22 INFO  : Successfully done setting SDK workspace  
21:48:22 INFO  : Processing command line option -hwspec C:/Users/Matt/Desktop/ece315_labs/lab1/kypd_ssd_gpio-20220129T172209Z-001/kypd_ssd_gpio/kypd_ssd_gpio.sdk/design_1_wrapper.hdf.
21:55:55 INFO  : Connected to target on host '127.0.0.1' and port '3121'.
21:55:56 INFO  : Jtag cable 'Digilent Zybo Z7 210351A77EE5A' is selected.
21:55:56 INFO  : 'jtag frequency' command is executed.
21:55:56 INFO  : Sourcing of 'C:/Users/Matt/Desktop/ece315_labs/lab1/kypd_ssd_gpio-20220129T172209Z-001/kypd_ssd_gpio/kypd_ssd_gpio.sdk/design_1_wrapper_hw_platform_0/ps7_init.tcl' is done.
21:55:56 INFO  : Context for 'APU' is selected.
21:55:56 INFO  : System reset is completed.
21:55:59 INFO  : 'after 3000' command is executed.
21:55:59 INFO  : 'targets -set -filter {jtag_cable_name =~ "Digilent Zybo Z7 210351A77EE5A" && level==0} -index 1' command is executed.
21:56:00 INFO  : FPGA configured successfully with bitstream "C:/Users/Matt/Desktop/ece315_labs/lab1/kypd_ssd_gpio-20220129T172209Z-001/kypd_ssd_gpio/kypd_ssd_gpio.sdk/design_1_wrapper_hw_platform_0/design_1_wrapper.bit"
21:56:00 INFO  : Context for 'APU' is selected.
21:56:00 INFO  : Hardware design information is loaded from 'C:/Users/Matt/Desktop/ece315_labs/lab1/kypd_ssd_gpio-20220129T172209Z-001/kypd_ssd_gpio/kypd_ssd_gpio.sdk/design_1_wrapper_hw_platform_0/system.hdf'.
21:56:00 INFO  : 'configparams force-mem-access 1' command is executed.
21:56:00 INFO  : Context for 'APU' is selected.
21:56:01 INFO  : 'ps7_init' command is executed.
21:56:01 INFO  : 'ps7_post_config' command is executed.
21:56:01 INFO  : Context for processor 'ps7_cortexa9_0' is selected.
21:56:01 INFO  : The application 'C:/Users/Matt/Desktop/ece315_labs/lab1/kypd_ssd_gpio-20220129T172209Z-001/kypd_ssd_gpio/kypd_ssd_gpio.sdk/Part1/Debug/Part1.elf' is downloaded to processor 'ps7_cortexa9_0'.
21:56:01 INFO  : 'configparams force-mem-access 0' command is executed.
21:56:01 INFO  : ----------------XSDB Script----------------
connect -url tcp:127.0.0.1:3121
source C:/Users/Matt/Desktop/ece315_labs/lab1/kypd_ssd_gpio-20220129T172209Z-001/kypd_ssd_gpio/kypd_ssd_gpio.sdk/design_1_wrapper_hw_platform_0/ps7_init.tcl
targets -set -nocase -filter {name =~"APU*" && jtag_cable_name =~ "Digilent Zybo Z7 210351A77EE5A"} -index 0
rst -system
after 3000
targets -set -filter {jtag_cable_name =~ "Digilent Zybo Z7 210351A77EE5A" && level==0} -index 1
fpga -file C:/Users/Matt/Desktop/ece315_labs/lab1/kypd_ssd_gpio-20220129T172209Z-001/kypd_ssd_gpio/kypd_ssd_gpio.sdk/design_1_wrapper_hw_platform_0/design_1_wrapper.bit
targets -set -nocase -filter {name =~"APU*" && jtag_cable_name =~ "Digilent Zybo Z7 210351A77EE5A"} -index 0
loadhw -hw C:/Users/Matt/Desktop/ece315_labs/lab1/kypd_ssd_gpio-20220129T172209Z-001/kypd_ssd_gpio/kypd_ssd_gpio.sdk/design_1_wrapper_hw_platform_0/system.hdf -mem-ranges [list {0x40000000 0xbfffffff}]
configparams force-mem-access 1
targets -set -nocase -filter {name =~"APU*" && jtag_cable_name =~ "Digilent Zybo Z7 210351A77EE5A"} -index 0
ps7_init
ps7_post_config
targets -set -nocase -filter {name =~ "ARM*#0" && jtag_cable_name =~ "Digilent Zybo Z7 210351A77EE5A"} -index 0
dow C:/Users/Matt/Desktop/ece315_labs/lab1/kypd_ssd_gpio-20220129T172209Z-001/kypd_ssd_gpio/kypd_ssd_gpio.sdk/Part1/Debug/Part1.elf
configparams force-mem-access 0
----------------End of Script----------------

21:56:01 INFO  : Memory regions updated for context APU
21:56:01 INFO  : Context for processor 'ps7_cortexa9_0' is selected.
21:56:01 INFO  : 'con' command is executed.
21:56:01 INFO  : ----------------XSDB Script (After Launch)----------------
targets -set -nocase -filter {name =~ "ARM*#0" && jtag_cable_name =~ "Digilent Zybo Z7 210351A77EE5A"} -index 0
con
----------------End of Script----------------

21:56:01 INFO  : Launch script is exported to file 'C:\Users\Matt\Desktop\ece315_labs\lab1\kypd_ssd_gpio-20220129T172209Z-001\kypd_ssd_gpio\kypd_ssd_gpio.sdk\.sdk\launch_scripts\xilinx_c-c++_application_(system_debugger)\system_debugger_using_debug_part1.elf_on_local_(1).tcl'
22:02:54 INFO  : Disconnected from the channel tcfchan#1.
22:02:55 INFO  : Connected to target on host '127.0.0.1' and port '3121'.
22:02:55 INFO  : Jtag cable 'Digilent Zybo Z7 210351A77EE5A' is selected.
22:02:55 INFO  : 'jtag frequency' command is executed.
22:02:55 INFO  : Sourcing of 'C:/Users/Matt/Desktop/ece315_labs/lab1/kypd_ssd_gpio-20220129T172209Z-001/kypd_ssd_gpio/kypd_ssd_gpio.sdk/design_1_wrapper_hw_platform_0/ps7_init.tcl' is done.
22:02:55 INFO  : Context for 'APU' is selected.
22:02:56 INFO  : System reset is completed.
22:02:59 INFO  : 'after 3000' command is executed.
22:02:59 INFO  : 'targets -set -filter {jtag_cable_name =~ "Digilent Zybo Z7 210351A77EE5A" && level==0} -index 1' command is executed.
22:03:00 INFO  : FPGA configured successfully with bitstream "C:/Users/Matt/Desktop/ece315_labs/lab1/kypd_ssd_gpio-20220129T172209Z-001/kypd_ssd_gpio/kypd_ssd_gpio.sdk/design_1_wrapper_hw_platform_0/design_1_wrapper.bit"
22:03:00 INFO  : Context for 'APU' is selected.
22:03:01 INFO  : Hardware design information is loaded from 'C:/Users/Matt/Desktop/ece315_labs/lab1/kypd_ssd_gpio-20220129T172209Z-001/kypd_ssd_gpio/kypd_ssd_gpio.sdk/design_1_wrapper_hw_platform_0/system.hdf'.
22:03:01 INFO  : 'configparams force-mem-access 1' command is executed.
22:03:01 INFO  : Context for 'APU' is selected.
22:03:01 INFO  : 'ps7_init' command is executed.
22:03:01 INFO  : 'ps7_post_config' command is executed.
22:03:01 INFO  : Context for processor 'ps7_cortexa9_0' is selected.
22:03:02 INFO  : The application 'C:/Users/Matt/Desktop/ece315_labs/lab1/kypd_ssd_gpio-20220129T172209Z-001/kypd_ssd_gpio/kypd_ssd_gpio.sdk/Part1/Debug/Part1.elf' is downloaded to processor 'ps7_cortexa9_0'.
22:03:02 INFO  : 'configparams force-mem-access 0' command is executed.
22:03:02 INFO  : ----------------XSDB Script----------------
connect -url tcp:127.0.0.1:3121
source C:/Users/Matt/Desktop/ece315_labs/lab1/kypd_ssd_gpio-20220129T172209Z-001/kypd_ssd_gpio/kypd_ssd_gpio.sdk/design_1_wrapper_hw_platform_0/ps7_init.tcl
targets -set -nocase -filter {name =~"APU*" && jtag_cable_name =~ "Digilent Zybo Z7 210351A77EE5A"} -index 0
rst -system
after 3000
targets -set -filter {jtag_cable_name =~ "Digilent Zybo Z7 210351A77EE5A" && level==0} -index 1
fpga -file C:/Users/Matt/Desktop/ece315_labs/lab1/kypd_ssd_gpio-20220129T172209Z-001/kypd_ssd_gpio/kypd_ssd_gpio.sdk/design_1_wrapper_hw_platform_0/design_1_wrapper.bit
targets -set -nocase -filter {name =~"APU*" && jtag_cable_name =~ "Digilent Zybo Z7 210351A77EE5A"} -index 0
loadhw -hw C:/Users/Matt/Desktop/ece315_labs/lab1/kypd_ssd_gpio-20220129T172209Z-001/kypd_ssd_gpio/kypd_ssd_gpio.sdk/design_1_wrapper_hw_platform_0/system.hdf -mem-ranges [list {0x40000000 0xbfffffff}]
configparams force-mem-access 1
targets -set -nocase -filter {name =~"APU*" && jtag_cable_name =~ "Digilent Zybo Z7 210351A77EE5A"} -index 0
ps7_init
ps7_post_config
targets -set -nocase -filter {name =~ "ARM*#0" && jtag_cable_name =~ "Digilent Zybo Z7 210351A77EE5A"} -index 0
dow C:/Users/Matt/Desktop/ece315_labs/lab1/kypd_ssd_gpio-20220129T172209Z-001/kypd_ssd_gpio/kypd_ssd_gpio.sdk/Part1/Debug/Part1.elf
configparams force-mem-access 0
----------------End of Script----------------

22:03:02 INFO  : Memory regions updated for context APU
22:03:02 INFO  : Context for processor 'ps7_cortexa9_0' is selected.
22:03:02 INFO  : 'con' command is executed.
22:03:02 INFO  : ----------------XSDB Script (After Launch)----------------
targets -set -nocase -filter {name =~ "ARM*#0" && jtag_cable_name =~ "Digilent Zybo Z7 210351A77EE5A"} -index 0
con
----------------End of Script----------------

22:03:02 INFO  : Launch script is exported to file 'C:\Users\Matt\Desktop\ece315_labs\lab1\kypd_ssd_gpio-20220129T172209Z-001\kypd_ssd_gpio\kypd_ssd_gpio.sdk\.sdk\launch_scripts\xilinx_c-c++_application_(system_debugger)\system_debugger_using_debug_part1.elf_on_local_(1).tcl'
22:04:07 INFO  : Disconnected from the channel tcfchan#2.
22:04:08 INFO  : Connected to target on host '127.0.0.1' and port '3121'.
22:04:08 INFO  : Jtag cable 'Digilent Zybo Z7 210351A77EE5A' is selected.
22:04:08 INFO  : 'jtag frequency' command is executed.
22:04:08 INFO  : Sourcing of 'C:/Users/Matt/Desktop/ece315_labs/lab1/kypd_ssd_gpio-20220129T172209Z-001/kypd_ssd_gpio/kypd_ssd_gpio.sdk/design_1_wrapper_hw_platform_0/ps7_init.tcl' is done.
22:04:08 INFO  : Context for 'APU' is selected.
22:04:09 INFO  : System reset is completed.
22:04:12 INFO  : 'after 3000' command is executed.
22:04:12 INFO  : 'targets -set -filter {jtag_cable_name =~ "Digilent Zybo Z7 210351A77EE5A" && level==0} -index 1' command is executed.
22:04:13 INFO  : FPGA configured successfully with bitstream "C:/Users/Matt/Desktop/ece315_labs/lab1/kypd_ssd_gpio-20220129T172209Z-001/kypd_ssd_gpio/kypd_ssd_gpio.sdk/design_1_wrapper_hw_platform_0/design_1_wrapper.bit"
22:04:13 INFO  : Context for 'APU' is selected.
22:04:14 INFO  : Hardware design information is loaded from 'C:/Users/Matt/Desktop/ece315_labs/lab1/kypd_ssd_gpio-20220129T172209Z-001/kypd_ssd_gpio/kypd_ssd_gpio.sdk/design_1_wrapper_hw_platform_0/system.hdf'.
22:04:14 INFO  : 'configparams force-mem-access 1' command is executed.
22:04:14 INFO  : Context for 'APU' is selected.
22:04:14 INFO  : 'ps7_init' command is executed.
22:04:14 INFO  : 'ps7_post_config' command is executed.
22:04:14 INFO  : Context for processor 'ps7_cortexa9_0' is selected.
22:04:15 INFO  : The application 'C:/Users/Matt/Desktop/ece315_labs/lab1/kypd_ssd_gpio-20220129T172209Z-001/kypd_ssd_gpio/kypd_ssd_gpio.sdk/Part1/Debug/Part1.elf' is downloaded to processor 'ps7_cortexa9_0'.
22:04:15 INFO  : 'configparams force-mem-access 0' command is executed.
22:04:15 INFO  : ----------------XSDB Script----------------
connect -url tcp:127.0.0.1:3121
source C:/Users/Matt/Desktop/ece315_labs/lab1/kypd_ssd_gpio-20220129T172209Z-001/kypd_ssd_gpio/kypd_ssd_gpio.sdk/design_1_wrapper_hw_platform_0/ps7_init.tcl
targets -set -nocase -filter {name =~"APU*" && jtag_cable_name =~ "Digilent Zybo Z7 210351A77EE5A"} -index 0
rst -system
after 3000
targets -set -filter {jtag_cable_name =~ "Digilent Zybo Z7 210351A77EE5A" && level==0} -index 1
fpga -file C:/Users/Matt/Desktop/ece315_labs/lab1/kypd_ssd_gpio-20220129T172209Z-001/kypd_ssd_gpio/kypd_ssd_gpio.sdk/design_1_wrapper_hw_platform_0/design_1_wrapper.bit
targets -set -nocase -filter {name =~"APU*" && jtag_cable_name =~ "Digilent Zybo Z7 210351A77EE5A"} -index 0
loadhw -hw C:/Users/Matt/Desktop/ece315_labs/lab1/kypd_ssd_gpio-20220129T172209Z-001/kypd_ssd_gpio/kypd_ssd_gpio.sdk/design_1_wrapper_hw_platform_0/system.hdf -mem-ranges [list {0x40000000 0xbfffffff}]
configparams force-mem-access 1
targets -set -nocase -filter {name =~"APU*" && jtag_cable_name =~ "Digilent Zybo Z7 210351A77EE5A"} -index 0
ps7_init
ps7_post_config
targets -set -nocase -filter {name =~ "ARM*#0" && jtag_cable_name =~ "Digilent Zybo Z7 210351A77EE5A"} -index 0
dow C:/Users/Matt/Desktop/ece315_labs/lab1/kypd_ssd_gpio-20220129T172209Z-001/kypd_ssd_gpio/kypd_ssd_gpio.sdk/Part1/Debug/Part1.elf
configparams force-mem-access 0
----------------End of Script----------------

22:04:15 INFO  : Memory regions updated for context APU
22:04:15 INFO  : Context for processor 'ps7_cortexa9_0' is selected.
22:04:15 INFO  : 'con' command is executed.
22:04:15 INFO  : ----------------XSDB Script (After Launch)----------------
targets -set -nocase -filter {name =~ "ARM*#0" && jtag_cable_name =~ "Digilent Zybo Z7 210351A77EE5A"} -index 0
con
----------------End of Script----------------

22:04:15 INFO  : Launch script is exported to file 'C:\Users\Matt\Desktop\ece315_labs\lab1\kypd_ssd_gpio-20220129T172209Z-001\kypd_ssd_gpio\kypd_ssd_gpio.sdk\.sdk\launch_scripts\xilinx_c-c++_application_(system_debugger)\system_debugger_using_debug_part1.elf_on_local_(1).tcl'
22:05:30 INFO  : Disconnected from the channel tcfchan#3.
22:05:31 INFO  : Connected to target on host '127.0.0.1' and port '3121'.
22:05:31 INFO  : Jtag cable 'Digilent Zybo Z7 210351A77EE5A' is selected.
22:05:31 INFO  : 'jtag frequency' command is executed.
22:05:31 INFO  : Sourcing of 'C:/Users/Matt/Desktop/ece315_labs/lab1/kypd_ssd_gpio-20220129T172209Z-001/kypd_ssd_gpio/kypd_ssd_gpio.sdk/design_1_wrapper_hw_platform_0/ps7_init.tcl' is done.
22:05:31 INFO  : Context for 'APU' is selected.
22:05:31 INFO  : System reset is completed.
22:05:34 INFO  : 'after 3000' command is executed.
22:05:34 INFO  : 'targets -set -filter {jtag_cable_name =~ "Digilent Zybo Z7 210351A77EE5A" && level==0} -index 1' command is executed.
22:05:35 INFO  : FPGA configured successfully with bitstream "C:/Users/Matt/Desktop/ece315_labs/lab1/kypd_ssd_gpio-20220129T172209Z-001/kypd_ssd_gpio/kypd_ssd_gpio.sdk/design_1_wrapper_hw_platform_0/design_1_wrapper.bit"
22:05:35 INFO  : Context for 'APU' is selected.
22:05:37 INFO  : Hardware design information is loaded from 'C:/Users/Matt/Desktop/ece315_labs/lab1/kypd_ssd_gpio-20220129T172209Z-001/kypd_ssd_gpio/kypd_ssd_gpio.sdk/design_1_wrapper_hw_platform_0/system.hdf'.
22:05:37 INFO  : 'configparams force-mem-access 1' command is executed.
22:05:37 INFO  : Context for 'APU' is selected.
22:05:37 INFO  : 'ps7_init' command is executed.
22:05:37 INFO  : 'ps7_post_config' command is executed.
22:05:37 INFO  : Context for processor 'ps7_cortexa9_0' is selected.
22:05:37 INFO  : The application 'C:/Users/Matt/Desktop/ece315_labs/lab1/kypd_ssd_gpio-20220129T172209Z-001/kypd_ssd_gpio/kypd_ssd_gpio.sdk/Part1/Debug/Part1.elf' is downloaded to processor 'ps7_cortexa9_0'.
22:05:37 INFO  : 'configparams force-mem-access 0' command is executed.
22:05:37 INFO  : ----------------XSDB Script----------------
connect -url tcp:127.0.0.1:3121
source C:/Users/Matt/Desktop/ece315_labs/lab1/kypd_ssd_gpio-20220129T172209Z-001/kypd_ssd_gpio/kypd_ssd_gpio.sdk/design_1_wrapper_hw_platform_0/ps7_init.tcl
targets -set -nocase -filter {name =~"APU*" && jtag_cable_name =~ "Digilent Zybo Z7 210351A77EE5A"} -index 0
rst -system
after 3000
targets -set -filter {jtag_cable_name =~ "Digilent Zybo Z7 210351A77EE5A" && level==0} -index 1
fpga -file C:/Users/Matt/Desktop/ece315_labs/lab1/kypd_ssd_gpio-20220129T172209Z-001/kypd_ssd_gpio/kypd_ssd_gpio.sdk/design_1_wrapper_hw_platform_0/design_1_wrapper.bit
targets -set -nocase -filter {name =~"APU*" && jtag_cable_name =~ "Digilent Zybo Z7 210351A77EE5A"} -index 0
loadhw -hw C:/Users/Matt/Desktop/ece315_labs/lab1/kypd_ssd_gpio-20220129T172209Z-001/kypd_ssd_gpio/kypd_ssd_gpio.sdk/design_1_wrapper_hw_platform_0/system.hdf -mem-ranges [list {0x40000000 0xbfffffff}]
configparams force-mem-access 1
targets -set -nocase -filter {name =~"APU*" && jtag_cable_name =~ "Digilent Zybo Z7 210351A77EE5A"} -index 0
ps7_init
ps7_post_config
targets -set -nocase -filter {name =~ "ARM*#0" && jtag_cable_name =~ "Digilent Zybo Z7 210351A77EE5A"} -index 0
dow C:/Users/Matt/Desktop/ece315_labs/lab1/kypd_ssd_gpio-20220129T172209Z-001/kypd_ssd_gpio/kypd_ssd_gpio.sdk/Part1/Debug/Part1.elf
configparams force-mem-access 0
----------------End of Script----------------

22:05:37 INFO  : Memory regions updated for context APU
22:05:37 INFO  : Context for processor 'ps7_cortexa9_0' is selected.
22:05:37 INFO  : 'con' command is executed.
22:05:37 INFO  : ----------------XSDB Script (After Launch)----------------
targets -set -nocase -filter {name =~ "ARM*#0" && jtag_cable_name =~ "Digilent Zybo Z7 210351A77EE5A"} -index 0
con
----------------End of Script----------------

22:05:37 INFO  : Launch script is exported to file 'C:\Users\Matt\Desktop\ece315_labs\lab1\kypd_ssd_gpio-20220129T172209Z-001\kypd_ssd_gpio\kypd_ssd_gpio.sdk\.sdk\launch_scripts\xilinx_c-c++_application_(system_debugger)\system_debugger_using_debug_part1.elf_on_local_(1).tcl'
22:08:18 INFO  : Disconnected from the channel tcfchan#4.
22:08:19 INFO  : Connected to target on host '127.0.0.1' and port '3121'.
22:08:19 INFO  : Jtag cable 'Digilent Zybo Z7 210351A77EE5A' is selected.
22:08:19 INFO  : 'jtag frequency' command is executed.
22:08:19 INFO  : Sourcing of 'C:/Users/Matt/Desktop/ece315_labs/lab1/kypd_ssd_gpio-20220129T172209Z-001/kypd_ssd_gpio/kypd_ssd_gpio.sdk/design_1_wrapper_hw_platform_0/ps7_init.tcl' is done.
22:08:19 INFO  : Context for 'APU' is selected.
22:08:19 INFO  : System reset is completed.
22:08:22 INFO  : 'after 3000' command is executed.
22:08:22 INFO  : 'targets -set -filter {jtag_cable_name =~ "Digilent Zybo Z7 210351A77EE5A" && level==0} -index 1' command is executed.
22:08:24 INFO  : FPGA configured successfully with bitstream "C:/Users/Matt/Desktop/ece315_labs/lab1/kypd_ssd_gpio-20220129T172209Z-001/kypd_ssd_gpio/kypd_ssd_gpio.sdk/design_1_wrapper_hw_platform_0/design_1_wrapper.bit"
22:08:24 INFO  : Context for 'APU' is selected.
22:08:25 INFO  : Hardware design information is loaded from 'C:/Users/Matt/Desktop/ece315_labs/lab1/kypd_ssd_gpio-20220129T172209Z-001/kypd_ssd_gpio/kypd_ssd_gpio.sdk/design_1_wrapper_hw_platform_0/system.hdf'.
22:08:25 INFO  : 'configparams force-mem-access 1' command is executed.
22:08:25 INFO  : Context for 'APU' is selected.
22:08:25 INFO  : 'ps7_init' command is executed.
22:08:25 INFO  : 'ps7_post_config' command is executed.
22:08:25 INFO  : Context for processor 'ps7_cortexa9_0' is selected.
22:08:25 INFO  : The application 'C:/Users/Matt/Desktop/ece315_labs/lab1/kypd_ssd_gpio-20220129T172209Z-001/kypd_ssd_gpio/kypd_ssd_gpio.sdk/Part1/Debug/Part1.elf' is downloaded to processor 'ps7_cortexa9_0'.
22:08:25 INFO  : 'configparams force-mem-access 0' command is executed.
22:08:25 INFO  : ----------------XSDB Script----------------
connect -url tcp:127.0.0.1:3121
source C:/Users/Matt/Desktop/ece315_labs/lab1/kypd_ssd_gpio-20220129T172209Z-001/kypd_ssd_gpio/kypd_ssd_gpio.sdk/design_1_wrapper_hw_platform_0/ps7_init.tcl
targets -set -nocase -filter {name =~"APU*" && jtag_cable_name =~ "Digilent Zybo Z7 210351A77EE5A"} -index 0
rst -system
after 3000
targets -set -filter {jtag_cable_name =~ "Digilent Zybo Z7 210351A77EE5A" && level==0} -index 1
fpga -file C:/Users/Matt/Desktop/ece315_labs/lab1/kypd_ssd_gpio-20220129T172209Z-001/kypd_ssd_gpio/kypd_ssd_gpio.sdk/design_1_wrapper_hw_platform_0/design_1_wrapper.bit
targets -set -nocase -filter {name =~"APU*" && jtag_cable_name =~ "Digilent Zybo Z7 210351A77EE5A"} -index 0
loadhw -hw C:/Users/Matt/Desktop/ece315_labs/lab1/kypd_ssd_gpio-20220129T172209Z-001/kypd_ssd_gpio/kypd_ssd_gpio.sdk/design_1_wrapper_hw_platform_0/system.hdf -mem-ranges [list {0x40000000 0xbfffffff}]
configparams force-mem-access 1
targets -set -nocase -filter {name =~"APU*" && jtag_cable_name =~ "Digilent Zybo Z7 210351A77EE5A"} -index 0
ps7_init
ps7_post_config
targets -set -nocase -filter {name =~ "ARM*#0" && jtag_cable_name =~ "Digilent Zybo Z7 210351A77EE5A"} -index 0
dow C:/Users/Matt/Desktop/ece315_labs/lab1/kypd_ssd_gpio-20220129T172209Z-001/kypd_ssd_gpio/kypd_ssd_gpio.sdk/Part1/Debug/Part1.elf
configparams force-mem-access 0
----------------End of Script----------------

22:08:25 INFO  : Memory regions updated for context APU
22:08:25 INFO  : Context for processor 'ps7_cortexa9_0' is selected.
22:08:25 INFO  : 'con' command is executed.
22:08:25 INFO  : ----------------XSDB Script (After Launch)----------------
targets -set -nocase -filter {name =~ "ARM*#0" && jtag_cable_name =~ "Digilent Zybo Z7 210351A77EE5A"} -index 0
con
----------------End of Script----------------

22:08:25 INFO  : Launch script is exported to file 'C:\Users\Matt\Desktop\ece315_labs\lab1\kypd_ssd_gpio-20220129T172209Z-001\kypd_ssd_gpio\kypd_ssd_gpio.sdk\.sdk\launch_scripts\xilinx_c-c++_application_(system_debugger)\system_debugger_using_debug_part1.elf_on_local_(1).tcl'
22:09:27 INFO  : Disconnected from the channel tcfchan#5.
22:09:28 INFO  : Connected to target on host '127.0.0.1' and port '3121'.
22:09:28 INFO  : Jtag cable 'Digilent Zybo Z7 210351A77EE5A' is selected.
22:09:28 INFO  : 'jtag frequency' command is executed.
22:09:28 INFO  : Sourcing of 'C:/Users/Matt/Desktop/ece315_labs/lab1/kypd_ssd_gpio-20220129T172209Z-001/kypd_ssd_gpio/kypd_ssd_gpio.sdk/design_1_wrapper_hw_platform_0/ps7_init.tcl' is done.
22:09:28 INFO  : Context for 'APU' is selected.
22:09:28 INFO  : System reset is completed.
22:09:31 INFO  : 'after 3000' command is executed.
22:09:31 INFO  : 'targets -set -filter {jtag_cable_name =~ "Digilent Zybo Z7 210351A77EE5A" && level==0} -index 1' command is executed.
22:09:33 INFO  : FPGA configured successfully with bitstream "C:/Users/Matt/Desktop/ece315_labs/lab1/kypd_ssd_gpio-20220129T172209Z-001/kypd_ssd_gpio/kypd_ssd_gpio.sdk/design_1_wrapper_hw_platform_0/design_1_wrapper.bit"
22:09:33 INFO  : Context for 'APU' is selected.
22:09:34 INFO  : Hardware design information is loaded from 'C:/Users/Matt/Desktop/ece315_labs/lab1/kypd_ssd_gpio-20220129T172209Z-001/kypd_ssd_gpio/kypd_ssd_gpio.sdk/design_1_wrapper_hw_platform_0/system.hdf'.
22:09:34 INFO  : 'configparams force-mem-access 1' command is executed.
22:09:34 INFO  : Context for 'APU' is selected.
22:09:34 INFO  : 'ps7_init' command is executed.
22:09:34 INFO  : 'ps7_post_config' command is executed.
22:09:34 INFO  : Context for processor 'ps7_cortexa9_0' is selected.
22:09:34 INFO  : The application 'C:/Users/Matt/Desktop/ece315_labs/lab1/kypd_ssd_gpio-20220129T172209Z-001/kypd_ssd_gpio/kypd_ssd_gpio.sdk/Part1/Debug/Part1.elf' is downloaded to processor 'ps7_cortexa9_0'.
22:09:34 INFO  : 'configparams force-mem-access 0' command is executed.
22:09:34 INFO  : ----------------XSDB Script----------------
connect -url tcp:127.0.0.1:3121
source C:/Users/Matt/Desktop/ece315_labs/lab1/kypd_ssd_gpio-20220129T172209Z-001/kypd_ssd_gpio/kypd_ssd_gpio.sdk/design_1_wrapper_hw_platform_0/ps7_init.tcl
targets -set -nocase -filter {name =~"APU*" && jtag_cable_name =~ "Digilent Zybo Z7 210351A77EE5A"} -index 0
rst -system
after 3000
targets -set -filter {jtag_cable_name =~ "Digilent Zybo Z7 210351A77EE5A" && level==0} -index 1
fpga -file C:/Users/Matt/Desktop/ece315_labs/lab1/kypd_ssd_gpio-20220129T172209Z-001/kypd_ssd_gpio/kypd_ssd_gpio.sdk/design_1_wrapper_hw_platform_0/design_1_wrapper.bit
targets -set -nocase -filter {name =~"APU*" && jtag_cable_name =~ "Digilent Zybo Z7 210351A77EE5A"} -index 0
loadhw -hw C:/Users/Matt/Desktop/ece315_labs/lab1/kypd_ssd_gpio-20220129T172209Z-001/kypd_ssd_gpio/kypd_ssd_gpio.sdk/design_1_wrapper_hw_platform_0/system.hdf -mem-ranges [list {0x40000000 0xbfffffff}]
configparams force-mem-access 1
targets -set -nocase -filter {name =~"APU*" && jtag_cable_name =~ "Digilent Zybo Z7 210351A77EE5A"} -index 0
ps7_init
ps7_post_config
targets -set -nocase -filter {name =~ "ARM*#0" && jtag_cable_name =~ "Digilent Zybo Z7 210351A77EE5A"} -index 0
dow C:/Users/Matt/Desktop/ece315_labs/lab1/kypd_ssd_gpio-20220129T172209Z-001/kypd_ssd_gpio/kypd_ssd_gpio.sdk/Part1/Debug/Part1.elf
configparams force-mem-access 0
----------------End of Script----------------

22:09:34 INFO  : Memory regions updated for context APU
22:09:35 INFO  : Context for processor 'ps7_cortexa9_0' is selected.
22:09:35 INFO  : 'con' command is executed.
22:09:35 INFO  : ----------------XSDB Script (After Launch)----------------
targets -set -nocase -filter {name =~ "ARM*#0" && jtag_cable_name =~ "Digilent Zybo Z7 210351A77EE5A"} -index 0
con
----------------End of Script----------------

22:09:35 INFO  : Launch script is exported to file 'C:\Users\Matt\Desktop\ece315_labs\lab1\kypd_ssd_gpio-20220129T172209Z-001\kypd_ssd_gpio\kypd_ssd_gpio.sdk\.sdk\launch_scripts\xilinx_c-c++_application_(system_debugger)\system_debugger_using_debug_part1.elf_on_local_(1).tcl'
22:10:49 INFO  : Disconnected from the channel tcfchan#6.
22:10:50 INFO  : Connected to target on host '127.0.0.1' and port '3121'.
22:10:50 INFO  : Jtag cable 'Digilent Zybo Z7 210351A77EE5A' is selected.
22:10:50 INFO  : 'jtag frequency' command is executed.
22:10:50 INFO  : Sourcing of 'C:/Users/Matt/Desktop/ece315_labs/lab1/kypd_ssd_gpio-20220129T172209Z-001/kypd_ssd_gpio/kypd_ssd_gpio.sdk/design_1_wrapper_hw_platform_0/ps7_init.tcl' is done.
22:10:50 INFO  : Context for 'APU' is selected.
22:10:50 INFO  : System reset is completed.
22:10:53 INFO  : 'after 3000' command is executed.
22:10:53 INFO  : 'targets -set -filter {jtag_cable_name =~ "Digilent Zybo Z7 210351A77EE5A" && level==0} -index 1' command is executed.
22:10:55 INFO  : FPGA configured successfully with bitstream "C:/Users/Matt/Desktop/ece315_labs/lab1/kypd_ssd_gpio-20220129T172209Z-001/kypd_ssd_gpio/kypd_ssd_gpio.sdk/design_1_wrapper_hw_platform_0/design_1_wrapper.bit"
22:10:55 INFO  : Context for 'APU' is selected.
22:10:56 INFO  : Hardware design information is loaded from 'C:/Users/Matt/Desktop/ece315_labs/lab1/kypd_ssd_gpio-20220129T172209Z-001/kypd_ssd_gpio/kypd_ssd_gpio.sdk/design_1_wrapper_hw_platform_0/system.hdf'.
22:10:56 INFO  : 'configparams force-mem-access 1' command is executed.
22:10:56 INFO  : Context for 'APU' is selected.
22:10:56 INFO  : 'ps7_init' command is executed.
22:10:56 INFO  : 'ps7_post_config' command is executed.
22:10:56 INFO  : Context for processor 'ps7_cortexa9_0' is selected.
22:10:56 INFO  : The application 'C:/Users/Matt/Desktop/ece315_labs/lab1/kypd_ssd_gpio-20220129T172209Z-001/kypd_ssd_gpio/kypd_ssd_gpio.sdk/Part1/Debug/Part1.elf' is downloaded to processor 'ps7_cortexa9_0'.
22:10:56 INFO  : 'configparams force-mem-access 0' command is executed.
22:10:56 INFO  : ----------------XSDB Script----------------
connect -url tcp:127.0.0.1:3121
source C:/Users/Matt/Desktop/ece315_labs/lab1/kypd_ssd_gpio-20220129T172209Z-001/kypd_ssd_gpio/kypd_ssd_gpio.sdk/design_1_wrapper_hw_platform_0/ps7_init.tcl
targets -set -nocase -filter {name =~"APU*" && jtag_cable_name =~ "Digilent Zybo Z7 210351A77EE5A"} -index 0
rst -system
after 3000
targets -set -filter {jtag_cable_name =~ "Digilent Zybo Z7 210351A77EE5A" && level==0} -index 1
fpga -file C:/Users/Matt/Desktop/ece315_labs/lab1/kypd_ssd_gpio-20220129T172209Z-001/kypd_ssd_gpio/kypd_ssd_gpio.sdk/design_1_wrapper_hw_platform_0/design_1_wrapper.bit
targets -set -nocase -filter {name =~"APU*" && jtag_cable_name =~ "Digilent Zybo Z7 210351A77EE5A"} -index 0
loadhw -hw C:/Users/Matt/Desktop/ece315_labs/lab1/kypd_ssd_gpio-20220129T172209Z-001/kypd_ssd_gpio/kypd_ssd_gpio.sdk/design_1_wrapper_hw_platform_0/system.hdf -mem-ranges [list {0x40000000 0xbfffffff}]
configparams force-mem-access 1
targets -set -nocase -filter {name =~"APU*" && jtag_cable_name =~ "Digilent Zybo Z7 210351A77EE5A"} -index 0
ps7_init
ps7_post_config
targets -set -nocase -filter {name =~ "ARM*#0" && jtag_cable_name =~ "Digilent Zybo Z7 210351A77EE5A"} -index 0
dow C:/Users/Matt/Desktop/ece315_labs/lab1/kypd_ssd_gpio-20220129T172209Z-001/kypd_ssd_gpio/kypd_ssd_gpio.sdk/Part1/Debug/Part1.elf
configparams force-mem-access 0
----------------End of Script----------------

22:10:56 INFO  : Memory regions updated for context APU
22:10:56 INFO  : Context for processor 'ps7_cortexa9_0' is selected.
22:10:56 INFO  : 'con' command is executed.
22:10:56 INFO  : ----------------XSDB Script (After Launch)----------------
targets -set -nocase -filter {name =~ "ARM*#0" && jtag_cable_name =~ "Digilent Zybo Z7 210351A77EE5A"} -index 0
con
----------------End of Script----------------

22:10:56 INFO  : Launch script is exported to file 'C:\Users\Matt\Desktop\ece315_labs\lab1\kypd_ssd_gpio-20220129T172209Z-001\kypd_ssd_gpio\kypd_ssd_gpio.sdk\.sdk\launch_scripts\xilinx_c-c++_application_(system_debugger)\system_debugger_using_debug_part1.elf_on_local_(1).tcl'
22:11:24 INFO  : Disconnected from the channel tcfchan#7.
22:11:25 INFO  : Connected to target on host '127.0.0.1' and port '3121'.
22:11:25 INFO  : Jtag cable 'Digilent Zybo Z7 210351A77EE5A' is selected.
22:11:25 INFO  : 'jtag frequency' command is executed.
22:11:25 INFO  : Sourcing of 'C:/Users/Matt/Desktop/ece315_labs/lab1/kypd_ssd_gpio-20220129T172209Z-001/kypd_ssd_gpio/kypd_ssd_gpio.sdk/design_1_wrapper_hw_platform_0/ps7_init.tcl' is done.
22:11:25 INFO  : Context for 'APU' is selected.
22:11:25 INFO  : System reset is completed.
22:11:28 INFO  : 'after 3000' command is executed.
22:11:29 INFO  : 'targets -set -filter {jtag_cable_name =~ "Digilent Zybo Z7 210351A77EE5A" && level==0} -index 1' command is executed.
22:11:30 INFO  : FPGA configured successfully with bitstream "C:/Users/Matt/Desktop/ece315_labs/lab1/kypd_ssd_gpio-20220129T172209Z-001/kypd_ssd_gpio/kypd_ssd_gpio.sdk/design_1_wrapper_hw_platform_0/design_1_wrapper.bit"
22:11:30 INFO  : Context for 'APU' is selected.
22:11:31 INFO  : Hardware design information is loaded from 'C:/Users/Matt/Desktop/ece315_labs/lab1/kypd_ssd_gpio-20220129T172209Z-001/kypd_ssd_gpio/kypd_ssd_gpio.sdk/design_1_wrapper_hw_platform_0/system.hdf'.
22:11:31 INFO  : 'configparams force-mem-access 1' command is executed.
22:11:31 INFO  : Context for 'APU' is selected.
22:11:32 INFO  : 'ps7_init' command is executed.
22:11:32 INFO  : 'ps7_post_config' command is executed.
22:11:32 INFO  : Context for processor 'ps7_cortexa9_0' is selected.
22:11:32 INFO  : The application 'C:/Users/Matt/Desktop/ece315_labs/lab1/kypd_ssd_gpio-20220129T172209Z-001/kypd_ssd_gpio/kypd_ssd_gpio.sdk/Part1/Debug/Part1.elf' is downloaded to processor 'ps7_cortexa9_0'.
22:11:32 INFO  : 'configparams force-mem-access 0' command is executed.
22:11:32 INFO  : ----------------XSDB Script----------------
connect -url tcp:127.0.0.1:3121
source C:/Users/Matt/Desktop/ece315_labs/lab1/kypd_ssd_gpio-20220129T172209Z-001/kypd_ssd_gpio/kypd_ssd_gpio.sdk/design_1_wrapper_hw_platform_0/ps7_init.tcl
targets -set -nocase -filter {name =~"APU*" && jtag_cable_name =~ "Digilent Zybo Z7 210351A77EE5A"} -index 0
rst -system
after 3000
targets -set -filter {jtag_cable_name =~ "Digilent Zybo Z7 210351A77EE5A" && level==0} -index 1
fpga -file C:/Users/Matt/Desktop/ece315_labs/lab1/kypd_ssd_gpio-20220129T172209Z-001/kypd_ssd_gpio/kypd_ssd_gpio.sdk/design_1_wrapper_hw_platform_0/design_1_wrapper.bit
targets -set -nocase -filter {name =~"APU*" && jtag_cable_name =~ "Digilent Zybo Z7 210351A77EE5A"} -index 0
loadhw -hw C:/Users/Matt/Desktop/ece315_labs/lab1/kypd_ssd_gpio-20220129T172209Z-001/kypd_ssd_gpio/kypd_ssd_gpio.sdk/design_1_wrapper_hw_platform_0/system.hdf -mem-ranges [list {0x40000000 0xbfffffff}]
configparams force-mem-access 1
targets -set -nocase -filter {name =~"APU*" && jtag_cable_name =~ "Digilent Zybo Z7 210351A77EE5A"} -index 0
ps7_init
ps7_post_config
targets -set -nocase -filter {name =~ "ARM*#0" && jtag_cable_name =~ "Digilent Zybo Z7 210351A77EE5A"} -index 0
dow C:/Users/Matt/Desktop/ece315_labs/lab1/kypd_ssd_gpio-20220129T172209Z-001/kypd_ssd_gpio/kypd_ssd_gpio.sdk/Part1/Debug/Part1.elf
configparams force-mem-access 0
----------------End of Script----------------

22:11:32 INFO  : Memory regions updated for context APU
22:11:32 INFO  : Context for processor 'ps7_cortexa9_0' is selected.
22:11:32 INFO  : 'con' command is executed.
22:11:32 INFO  : ----------------XSDB Script (After Launch)----------------
targets -set -nocase -filter {name =~ "ARM*#0" && jtag_cable_name =~ "Digilent Zybo Z7 210351A77EE5A"} -index 0
con
----------------End of Script----------------

22:11:32 INFO  : Launch script is exported to file 'C:\Users\Matt\Desktop\ece315_labs\lab1\kypd_ssd_gpio-20220129T172209Z-001\kypd_ssd_gpio\kypd_ssd_gpio.sdk\.sdk\launch_scripts\xilinx_c-c++_application_(system_debugger)\system_debugger_using_debug_part1.elf_on_local_(1).tcl'
22:12:28 INFO  : Disconnected from the channel tcfchan#8.
22:12:29 INFO  : Connected to target on host '127.0.0.1' and port '3121'.
22:12:29 INFO  : Jtag cable 'Digilent Zybo Z7 210351A77EE5A' is selected.
22:12:29 INFO  : 'jtag frequency' command is executed.
22:12:29 INFO  : Sourcing of 'C:/Users/Matt/Desktop/ece315_labs/lab1/kypd_ssd_gpio-20220129T172209Z-001/kypd_ssd_gpio/kypd_ssd_gpio.sdk/design_1_wrapper_hw_platform_0/ps7_init.tcl' is done.
22:12:29 INFO  : Context for 'APU' is selected.
22:12:29 INFO  : System reset is completed.
22:12:32 INFO  : 'after 3000' command is executed.
22:12:32 INFO  : 'targets -set -filter {jtag_cable_name =~ "Digilent Zybo Z7 210351A77EE5A" && level==0} -index 1' command is executed.
22:12:33 INFO  : FPGA configured successfully with bitstream "C:/Users/Matt/Desktop/ece315_labs/lab1/kypd_ssd_gpio-20220129T172209Z-001/kypd_ssd_gpio/kypd_ssd_gpio.sdk/design_1_wrapper_hw_platform_0/design_1_wrapper.bit"
22:12:33 INFO  : Context for 'APU' is selected.
22:12:35 INFO  : Hardware design information is loaded from 'C:/Users/Matt/Desktop/ece315_labs/lab1/kypd_ssd_gpio-20220129T172209Z-001/kypd_ssd_gpio/kypd_ssd_gpio.sdk/design_1_wrapper_hw_platform_0/system.hdf'.
22:12:35 INFO  : 'configparams force-mem-access 1' command is executed.
22:12:35 INFO  : Context for 'APU' is selected.
22:12:35 INFO  : 'ps7_init' command is executed.
22:12:35 INFO  : 'ps7_post_config' command is executed.
22:12:35 INFO  : Context for processor 'ps7_cortexa9_0' is selected.
22:12:35 INFO  : The application 'C:/Users/Matt/Desktop/ece315_labs/lab1/kypd_ssd_gpio-20220129T172209Z-001/kypd_ssd_gpio/kypd_ssd_gpio.sdk/Part1/Debug/Part1.elf' is downloaded to processor 'ps7_cortexa9_0'.
22:12:35 INFO  : 'configparams force-mem-access 0' command is executed.
22:12:35 INFO  : ----------------XSDB Script----------------
connect -url tcp:127.0.0.1:3121
source C:/Users/Matt/Desktop/ece315_labs/lab1/kypd_ssd_gpio-20220129T172209Z-001/kypd_ssd_gpio/kypd_ssd_gpio.sdk/design_1_wrapper_hw_platform_0/ps7_init.tcl
targets -set -nocase -filter {name =~"APU*" && jtag_cable_name =~ "Digilent Zybo Z7 210351A77EE5A"} -index 0
rst -system
after 3000
targets -set -filter {jtag_cable_name =~ "Digilent Zybo Z7 210351A77EE5A" && level==0} -index 1
fpga -file C:/Users/Matt/Desktop/ece315_labs/lab1/kypd_ssd_gpio-20220129T172209Z-001/kypd_ssd_gpio/kypd_ssd_gpio.sdk/design_1_wrapper_hw_platform_0/design_1_wrapper.bit
targets -set -nocase -filter {name =~"APU*" && jtag_cable_name =~ "Digilent Zybo Z7 210351A77EE5A"} -index 0
loadhw -hw C:/Users/Matt/Desktop/ece315_labs/lab1/kypd_ssd_gpio-20220129T172209Z-001/kypd_ssd_gpio/kypd_ssd_gpio.sdk/design_1_wrapper_hw_platform_0/system.hdf -mem-ranges [list {0x40000000 0xbfffffff}]
configparams force-mem-access 1
targets -set -nocase -filter {name =~"APU*" && jtag_cable_name =~ "Digilent Zybo Z7 210351A77EE5A"} -index 0
ps7_init
ps7_post_config
targets -set -nocase -filter {name =~ "ARM*#0" && jtag_cable_name =~ "Digilent Zybo Z7 210351A77EE5A"} -index 0
dow C:/Users/Matt/Desktop/ece315_labs/lab1/kypd_ssd_gpio-20220129T172209Z-001/kypd_ssd_gpio/kypd_ssd_gpio.sdk/Part1/Debug/Part1.elf
configparams force-mem-access 0
----------------End of Script----------------

22:12:35 INFO  : Memory regions updated for context APU
22:12:35 INFO  : Context for processor 'ps7_cortexa9_0' is selected.
22:12:35 INFO  : 'con' command is executed.
22:12:35 INFO  : ----------------XSDB Script (After Launch)----------------
targets -set -nocase -filter {name =~ "ARM*#0" && jtag_cable_name =~ "Digilent Zybo Z7 210351A77EE5A"} -index 0
con
----------------End of Script----------------

22:12:35 INFO  : Launch script is exported to file 'C:\Users\Matt\Desktop\ece315_labs\lab1\kypd_ssd_gpio-20220129T172209Z-001\kypd_ssd_gpio\kypd_ssd_gpio.sdk\.sdk\launch_scripts\xilinx_c-c++_application_(system_debugger)\system_debugger_using_debug_part1.elf_on_local_(1).tcl'
22:20:34 INFO  : Disconnected from the channel tcfchan#9.
22:20:35 INFO  : Connected to target on host '127.0.0.1' and port '3121'.
22:20:35 INFO  : Jtag cable 'Digilent Zybo Z7 210351A77EE5A' is selected.
22:20:35 INFO  : 'jtag frequency' command is executed.
22:20:35 INFO  : Sourcing of 'C:/Users/Matt/Desktop/ece315_labs/lab1/kypd_ssd_gpio-20220129T172209Z-001/kypd_ssd_gpio/kypd_ssd_gpio.sdk/design_1_wrapper_hw_platform_0/ps7_init.tcl' is done.
22:20:35 INFO  : Context for 'APU' is selected.
22:20:35 INFO  : System reset is completed.
22:20:38 INFO  : 'after 3000' command is executed.
22:20:38 INFO  : 'targets -set -filter {jtag_cable_name =~ "Digilent Zybo Z7 210351A77EE5A" && level==0} -index 1' command is executed.
22:20:39 INFO  : FPGA configured successfully with bitstream "C:/Users/Matt/Desktop/ece315_labs/lab1/kypd_ssd_gpio-20220129T172209Z-001/kypd_ssd_gpio/kypd_ssd_gpio.sdk/design_1_wrapper_hw_platform_0/design_1_wrapper.bit"
22:20:39 INFO  : Context for 'APU' is selected.
22:20:41 INFO  : Hardware design information is loaded from 'C:/Users/Matt/Desktop/ece315_labs/lab1/kypd_ssd_gpio-20220129T172209Z-001/kypd_ssd_gpio/kypd_ssd_gpio.sdk/design_1_wrapper_hw_platform_0/system.hdf'.
22:20:41 INFO  : 'configparams force-mem-access 1' command is executed.
22:20:41 INFO  : Context for 'APU' is selected.
22:20:41 INFO  : 'ps7_init' command is executed.
22:20:41 INFO  : 'ps7_post_config' command is executed.
22:20:41 INFO  : Context for processor 'ps7_cortexa9_0' is selected.
22:20:41 INFO  : The application 'C:/Users/Matt/Desktop/ece315_labs/lab1/kypd_ssd_gpio-20220129T172209Z-001/kypd_ssd_gpio/kypd_ssd_gpio.sdk/Part1/Debug/Part1.elf' is downloaded to processor 'ps7_cortexa9_0'.
22:20:41 INFO  : 'configparams force-mem-access 0' command is executed.
22:20:41 INFO  : ----------------XSDB Script----------------
connect -url tcp:127.0.0.1:3121
source C:/Users/Matt/Desktop/ece315_labs/lab1/kypd_ssd_gpio-20220129T172209Z-001/kypd_ssd_gpio/kypd_ssd_gpio.sdk/design_1_wrapper_hw_platform_0/ps7_init.tcl
targets -set -nocase -filter {name =~"APU*" && jtag_cable_name =~ "Digilent Zybo Z7 210351A77EE5A"} -index 0
rst -system
after 3000
targets -set -filter {jtag_cable_name =~ "Digilent Zybo Z7 210351A77EE5A" && level==0} -index 1
fpga -file C:/Users/Matt/Desktop/ece315_labs/lab1/kypd_ssd_gpio-20220129T172209Z-001/kypd_ssd_gpio/kypd_ssd_gpio.sdk/design_1_wrapper_hw_platform_0/design_1_wrapper.bit
targets -set -nocase -filter {name =~"APU*" && jtag_cable_name =~ "Digilent Zybo Z7 210351A77EE5A"} -index 0
loadhw -hw C:/Users/Matt/Desktop/ece315_labs/lab1/kypd_ssd_gpio-20220129T172209Z-001/kypd_ssd_gpio/kypd_ssd_gpio.sdk/design_1_wrapper_hw_platform_0/system.hdf -mem-ranges [list {0x40000000 0xbfffffff}]
configparams force-mem-access 1
targets -set -nocase -filter {name =~"APU*" && jtag_cable_name =~ "Digilent Zybo Z7 210351A77EE5A"} -index 0
ps7_init
ps7_post_config
targets -set -nocase -filter {name =~ "ARM*#0" && jtag_cable_name =~ "Digilent Zybo Z7 210351A77EE5A"} -index 0
dow C:/Users/Matt/Desktop/ece315_labs/lab1/kypd_ssd_gpio-20220129T172209Z-001/kypd_ssd_gpio/kypd_ssd_gpio.sdk/Part1/Debug/Part1.elf
configparams force-mem-access 0
----------------End of Script----------------

22:20:41 INFO  : Memory regions updated for context APU
22:20:41 INFO  : Context for processor 'ps7_cortexa9_0' is selected.
22:20:41 INFO  : 'con' command is executed.
22:20:41 INFO  : ----------------XSDB Script (After Launch)----------------
targets -set -nocase -filter {name =~ "ARM*#0" && jtag_cable_name =~ "Digilent Zybo Z7 210351A77EE5A"} -index 0
con
----------------End of Script----------------

22:20:41 INFO  : Launch script is exported to file 'C:\Users\Matt\Desktop\ece315_labs\lab1\kypd_ssd_gpio-20220129T172209Z-001\kypd_ssd_gpio\kypd_ssd_gpio.sdk\.sdk\launch_scripts\xilinx_c-c++_application_(system_debugger)\system_debugger_using_debug_part1.elf_on_local_(1).tcl'
22:22:20 INFO  : Disconnected from the channel tcfchan#10.
22:22:21 INFO  : Connected to target on host '127.0.0.1' and port '3121'.
22:22:21 INFO  : Jtag cable 'Digilent Zybo Z7 210351A77EE5A' is selected.
22:22:21 INFO  : 'jtag frequency' command is executed.
22:22:21 INFO  : Sourcing of 'C:/Users/Matt/Desktop/ece315_labs/lab1/kypd_ssd_gpio-20220129T172209Z-001/kypd_ssd_gpio/kypd_ssd_gpio.sdk/design_1_wrapper_hw_platform_0/ps7_init.tcl' is done.
22:22:21 INFO  : Context for 'APU' is selected.
22:22:21 INFO  : System reset is completed.
22:22:24 INFO  : 'after 3000' command is executed.
22:22:25 INFO  : 'targets -set -filter {jtag_cable_name =~ "Digilent Zybo Z7 210351A77EE5A" && level==0} -index 1' command is executed.
22:22:26 INFO  : FPGA configured successfully with bitstream "C:/Users/Matt/Desktop/ece315_labs/lab1/kypd_ssd_gpio-20220129T172209Z-001/kypd_ssd_gpio/kypd_ssd_gpio.sdk/design_1_wrapper_hw_platform_0/design_1_wrapper.bit"
22:22:26 INFO  : Context for 'APU' is selected.
22:22:27 INFO  : Hardware design information is loaded from 'C:/Users/Matt/Desktop/ece315_labs/lab1/kypd_ssd_gpio-20220129T172209Z-001/kypd_ssd_gpio/kypd_ssd_gpio.sdk/design_1_wrapper_hw_platform_0/system.hdf'.
22:22:27 INFO  : 'configparams force-mem-access 1' command is executed.
22:22:27 INFO  : Context for 'APU' is selected.
22:22:27 INFO  : 'ps7_init' command is executed.
22:22:27 INFO  : 'ps7_post_config' command is executed.
22:22:27 INFO  : Context for processor 'ps7_cortexa9_0' is selected.
22:22:28 INFO  : The application 'C:/Users/Matt/Desktop/ece315_labs/lab1/kypd_ssd_gpio-20220129T172209Z-001/kypd_ssd_gpio/kypd_ssd_gpio.sdk/Part1/Debug/Part1.elf' is downloaded to processor 'ps7_cortexa9_0'.
22:22:28 INFO  : 'configparams force-mem-access 0' command is executed.
22:22:28 INFO  : ----------------XSDB Script----------------
connect -url tcp:127.0.0.1:3121
source C:/Users/Matt/Desktop/ece315_labs/lab1/kypd_ssd_gpio-20220129T172209Z-001/kypd_ssd_gpio/kypd_ssd_gpio.sdk/design_1_wrapper_hw_platform_0/ps7_init.tcl
targets -set -nocase -filter {name =~"APU*" && jtag_cable_name =~ "Digilent Zybo Z7 210351A77EE5A"} -index 0
rst -system
after 3000
targets -set -filter {jtag_cable_name =~ "Digilent Zybo Z7 210351A77EE5A" && level==0} -index 1
fpga -file C:/Users/Matt/Desktop/ece315_labs/lab1/kypd_ssd_gpio-20220129T172209Z-001/kypd_ssd_gpio/kypd_ssd_gpio.sdk/design_1_wrapper_hw_platform_0/design_1_wrapper.bit
targets -set -nocase -filter {name =~"APU*" && jtag_cable_name =~ "Digilent Zybo Z7 210351A77EE5A"} -index 0
loadhw -hw C:/Users/Matt/Desktop/ece315_labs/lab1/kypd_ssd_gpio-20220129T172209Z-001/kypd_ssd_gpio/kypd_ssd_gpio.sdk/design_1_wrapper_hw_platform_0/system.hdf -mem-ranges [list {0x40000000 0xbfffffff}]
configparams force-mem-access 1
targets -set -nocase -filter {name =~"APU*" && jtag_cable_name =~ "Digilent Zybo Z7 210351A77EE5A"} -index 0
ps7_init
ps7_post_config
targets -set -nocase -filter {name =~ "ARM*#0" && jtag_cable_name =~ "Digilent Zybo Z7 210351A77EE5A"} -index 0
dow C:/Users/Matt/Desktop/ece315_labs/lab1/kypd_ssd_gpio-20220129T172209Z-001/kypd_ssd_gpio/kypd_ssd_gpio.sdk/Part1/Debug/Part1.elf
configparams force-mem-access 0
----------------End of Script----------------

22:22:28 INFO  : Memory regions updated for context APU
22:22:28 INFO  : Context for processor 'ps7_cortexa9_0' is selected.
22:22:28 INFO  : 'con' command is executed.
22:22:28 INFO  : ----------------XSDB Script (After Launch)----------------
targets -set -nocase -filter {name =~ "ARM*#0" && jtag_cable_name =~ "Digilent Zybo Z7 210351A77EE5A"} -index 0
con
----------------End of Script----------------

22:22:28 INFO  : Launch script is exported to file 'C:\Users\Matt\Desktop\ece315_labs\lab1\kypd_ssd_gpio-20220129T172209Z-001\kypd_ssd_gpio\kypd_ssd_gpio.sdk\.sdk\launch_scripts\xilinx_c-c++_application_(system_debugger)\system_debugger_using_debug_part1.elf_on_local_(1).tcl'
