#-----------------------------------------------------------
# Webtalk v2019.1 (64-bit)
# SW Build 2552052 on Fri May 24 14:49:42 MDT 2019
# 
# Start of session at: Wed Jan 19 16:38:20 2022
# Process ID: 13780
# Current directory: C:/Users/Matt/Desktop/ece315_labs/lab0_matt/Tutoriallab_ECE315/Tutoriallab_ECE315.sdk/webtalk
# Command line: wbtcv.exe -mode batch -source sdk_webtalk.tcl
# Log file: C:/Users/Matt/Desktop/ece315_labs/lab0_matt/Tutoriallab_ECE315/Tutoriallab_ECE315.sdk/webtalk/webtalk.log
# Journal file: C:/Users/Matt/Desktop/ece315_labs/lab0_matt/Tutoriallab_ECE315/Tutoriallab_ECE315.sdk/webtalk\webtalk.jou
#-----------------------------------------------------------
source sdk_webtalk.tcl
# webtalk_init -webtalk_dir C:\\Users\\Matt\\Desktop\\ece315_labs\\lab0_matt\\Tutoriallab_ECE315\\Tutoriallab_ECE315.sdk\\webtalk
# webtalk_register_client -client project
# webtalk_add_data -client project -key date_generated -value "2022-01-19 16:38:18" -context "software_version_and_target_device"
# webtalk_add_data -client project -key product_version -value "SDK v2019.1" -context "software_version_and_target_device"
# webtalk_add_data -client project -key build_version -value "2019.1" -context "software_version_and_target_device"
# webtalk_add_data -client project -key os_platform -value "amd64" -context "software_version_and_target_device"
# webtalk_add_data -client project -key registration_id -value "" -context "software_version_and_target_device"
# webtalk_add_data -client project -key tool_flow -value "SDK" -context "software_version_and_target_device"
# webtalk_add_data -client project -key beta -value "false" -context "software_version_and_target_device"
# webtalk_add_data -client project -key route_design -value "NA" -context "software_version_and_target_device"
# webtalk_add_data -client project -key target_family -value "NA" -context "software_version_and_target_device"
# webtalk_add_data -client project -key target_device -value "NA" -context "software_version_and_target_device"
# webtalk_add_data -client project -key target_package -value "NA" -context "software_version_and_target_device"
# webtalk_add_data -client project -key target_speed -value "NA" -context "software_version_and_target_device"
# webtalk_add_data -client project -key random_id -value "fqjcqrfk6kqgvrpbn5llgatjpc" -context "software_version_and_target_device"
# webtalk_add_data -client project -key project_id -value "2019.1_1" -context "software_version_and_target_device"
# webtalk_add_data -client project -key project_iteration -value "1" -context "software_version_and_target_device"
# webtalk_add_data -client project -key os_name -value "Microsoft Windows 8 or later , 64-bit" -context "user_environment"
# webtalk_add_data -client project -key os_release -value "major release  (build 9200)" -context "user_environment"
# webtalk_add_data -client project -key cpu_name -value "Intel(R) Core(TM) i7-6700K CPU @ 4.00GHz" -context "user_environment"
# webtalk_add_data -client project -key cpu_speed -value "4008 MHz" -context "user_environment"
# webtalk_add_data -client project -key total_processors -value "1" -context "user_environment"
# webtalk_add_data -client project -key system_ram -value "34.221 GB" -context "user_environment"
# webtalk_register_client -client sdk
# webtalk_add_data -client sdk -key uid -value "1642630495550" -context "sdk\\\\hardware/1642630495550"
# webtalk_add_data -client sdk -key isZynq -value "true" -context "sdk\\\\hardware/1642630495550"
# webtalk_add_data -client sdk -key isZynqMP -value "false" -context "sdk\\\\hardware/1642630495550"
# webtalk_add_data -client sdk -key Processors -value "2" -context "sdk\\\\hardware/1642630495550"
# webtalk_add_data -client sdk -key VivadoVersion -value "2019.1" -context "sdk\\\\hardware/1642630495550"
# webtalk_add_data -client sdk -key Arch -value "zynq" -context "sdk\\\\hardware/1642630495550"
# webtalk_add_data -client sdk -key Device -value "7z010" -context "sdk\\\\hardware/1642630495550"
# webtalk_add_data -client sdk -key IsHandoff -value "true" -context "sdk\\\\hardware/1642630495550"
# webtalk_add_data -client sdk -key os -value "NA" -context "sdk\\\\hardware/1642630495550"
# webtalk_add_data -client sdk -key apptemplate -value "NA" -context "sdk\\\\hardware/1642630495550"
# webtalk_add_data -client sdk -key RecordType -value "HWCreation" -context "sdk\\\\hardware/1642630495550"
# webtalk_add_data -client sdk -key uid -value "1642630646133" -context "sdk\\\\bsp/1642630646133"
# webtalk_add_data -client sdk -key hwid -value "1642630495550" -context "sdk\\\\bsp/1642630646133"
# webtalk_add_data -client sdk -key os -value "standalone" -context "sdk\\\\bsp/1642630646133"
# webtalk_add_data -client sdk -key apptemplate -value "hello_world" -context "sdk\\\\bsp/1642630646133"
# webtalk_add_data -client sdk -key RecordType -value "BSPCreation" -context "sdk\\\\bsp/1642630646133"
# webtalk_add_data -client sdk -key uid -value "1642630650037" -context "sdk\\\\application/1642630650037"
# webtalk_add_data -client sdk -key hwid -value "1642630495550" -context "sdk\\\\application/1642630650037"
# webtalk_add_data -client sdk -key bspid -value "1642630646133" -context "sdk\\\\application/1642630650037"
# webtalk_add_data -client sdk -key newbsp -value "true" -context "sdk\\\\application/1642630650037"
# webtalk_add_data -client sdk -key os -value "standalone" -context "sdk\\\\application/1642630650037"
# webtalk_add_data -client sdk -key apptemplate -value "hello_world" -context "sdk\\\\application/1642630650037"
# webtalk_add_data -client sdk -key RecordType -value "APPCreation" -context "sdk\\\\application/1642630650037"
# webtalk_add_data -client sdk -key LangUsed -value "C" -context "sdk\\\\application/1642630650037"
# webtalk_add_data -client sdk -key Procused -value "ps7_cortexa9" -context "sdk\\\\application/1642630650037"
# webtalk_add_data -client sdk -key uid -value "1642631094643" -context "sdk\\\\bsp/1642631094643"
# webtalk_add_data -client sdk -key hwid -value "1642630495550" -context "sdk\\\\bsp/1642631094643"
# webtalk_add_data -client sdk -key os -value "freertos10_xilinx" -context "sdk\\\\bsp/1642631094643"
# webtalk_add_data -client sdk -key apptemplate -value "freertos_hello_world" -context "sdk\\\\bsp/1642631094643"
# webtalk_add_data -client sdk -key RecordType -value "BSPCreation" -context "sdk\\\\bsp/1642631094643"
# webtalk_add_data -client sdk -key uid -value "1642631097073" -context "sdk\\\\application/1642631097073"
# webtalk_add_data -client sdk -key hwid -value "1642630495550" -context "sdk\\\\application/1642631097073"
# webtalk_add_data -client sdk -key bspid -value "1642631094643" -context "sdk\\\\application/1642631097073"
# webtalk_add_data -client sdk -key newbsp -value "true" -context "sdk\\\\application/1642631097073"
# webtalk_add_data -client sdk -key os -value "freertos10_xilinx" -context "sdk\\\\application/1642631097073"
# webtalk_add_data -client sdk -key apptemplate -value "freertos_hello_world" -context "sdk\\\\application/1642631097073"
# webtalk_add_data -client sdk -key RecordType -value "APPCreation" -context "sdk\\\\application/1642631097073"
# webtalk_add_data -client sdk -key LangUsed -value "C" -context "sdk\\\\application/1642631097073"
# webtalk_add_data -client sdk -key Procused -value "ps7_cortexa9" -context "sdk\\\\application/1642631097073"
# webtalk_add_data -client sdk -key projSize -value "443.4609375" -context "sdk\\\\application/1642631097073"
# webtalk_add_data -client sdk -key uid -value "1642633740718" -context "sdk\\\\bsp/1642633740718"
# webtalk_add_data -client sdk -key hwid -value "1642630495550" -context "sdk\\\\bsp/1642633740718"
# webtalk_add_data -client sdk -key os -value "freertos10_xilinx" -context "sdk\\\\bsp/1642633740718"
# webtalk_add_data -client sdk -key apptemplate -value "freertos_hello_world" -context "sdk\\\\bsp/1642633740718"
# webtalk_add_data -client sdk -key RecordType -value "BSPCreation" -context "sdk\\\\bsp/1642633740718"
# webtalk_add_data -client sdk -key uid -value "1642633743472" -context "sdk\\\\application/1642633743472"
# webtalk_add_data -client sdk -key hwid -value "1642630495550" -context "sdk\\\\application/1642633743472"
# webtalk_add_data -client sdk -key bspid -value "1642633740718" -context "sdk\\\\application/1642633743472"
# webtalk_add_data -client sdk -key newbsp -value "true" -context "sdk\\\\application/1642633743472"
# webtalk_add_data -client sdk -key os -value "freertos10_xilinx" -context "sdk\\\\application/1642633743472"
# webtalk_add_data -client sdk -key apptemplate -value "freertos_hello_world" -context "sdk\\\\application/1642633743472"
# webtalk_add_data -client sdk -key RecordType -value "APPCreation" -context "sdk\\\\application/1642633743472"
# webtalk_add_data -client sdk -key LangUsed -value "C" -context "sdk\\\\application/1642633743472"
# webtalk_add_data -client sdk -key Procused -value "ps7_cortexa9" -context "sdk\\\\application/1642633743472"
# webtalk_add_data -client sdk -key projSize -value "502.64453125" -context "sdk\\\\application/1642633743472"
# webtalk_add_data -client sdk -key uid -value "NA" -context "sdk\\\\bsp/1642635498934"
# webtalk_add_data -client sdk -key RecordType -value "ToolUsage" -context "sdk\\\\bsp/1642635498934"
# webtalk_add_data -client sdk -key BootgenCount -value "0" -context "sdk\\\\bsp/1642635498934"
# webtalk_add_data -client sdk -key DebugCount -value "6" -context "sdk\\\\bsp/1642635498934"
# webtalk_add_data -client sdk -key PerfCount -value "0" -context "sdk\\\\bsp/1642635498934"
# webtalk_add_data -client sdk -key FlashCount -value "0" -context "sdk\\\\bsp/1642635498934"
# webtalk_add_data -client sdk -key CrossTriggCount -value "0" -context "sdk\\\\bsp/1642635498934"
# webtalk_add_data -client sdk -key QemuDebugCount -value "0" -context "sdk\\\\bsp/1642635498934"
# webtalk_transmit -clientid 2319469471 -regid "" -xml C:\\Users\\Matt\\Desktop\\ece315_labs\\lab0_matt\\Tutoriallab_ECE315\\Tutoriallab_ECE315.sdk\\webtalk\\usage_statistics_ext_sdk.xml -html C:\\Users\\Matt\\Desktop\\ece315_labs\\lab0_matt\\Tutoriallab_ECE315\\Tutoriallab_ECE315.sdk\\webtalk\\usage_statistics_ext_sdk.html -wdm C:\\Users\\Matt\\Desktop\\ece315_labs\\lab0_matt\\Tutoriallab_ECE315\\Tutoriallab_ECE315.sdk\\webtalk\\sdk_webtalk.wdm -intro "<H3>SDK Usage Report</H3><BR>"
# webtalk_terminate
INFO: [Common 17-206] Exiting Webtalk at Wed Jan 19 16:38:20 2022...
