#-----------------------------------------------------------
# Vivado v2019.1 (64-bit)
# SW Build 2552052 on Fri May 24 14:49:42 MDT 2019
# IP Build 2548770 on Fri May 24 18:01:18 MDT 2019
# Start of session at: Wed Feb  2 21:45:18 2022
# Process ID: 10224
# Current directory: C:/Users/Matt/Desktop/ece315_labs/lab1/kypd_ssd_gpio-20220129T172209Z-001/kypd_ssd_gpio
# Command line: vivado.exe -gui_launcher_event rodinguilauncherevent21084 C:\Users\Matt\Desktop\ece315_labs\lab1\kypd_ssd_gpio-20220129T172209Z-001\kypd_ssd_gpio\kypd_ssd_gpio.xpr
# Log file: C:/Users/Matt/Desktop/ece315_labs/lab1/kypd_ssd_gpio-20220129T172209Z-001/kypd_ssd_gpio/vivado.log
# Journal file: C:/Users/Matt/Desktop/ece315_labs/lab1/kypd_ssd_gpio-20220129T172209Z-001/kypd_ssd_gpio\vivado.jou
#-----------------------------------------------------------
start_gui
open_project C:/Users/Matt/Desktop/ece315_labs/lab1/kypd_ssd_gpio-20220129T172209Z-001/kypd_ssd_gpio/kypd_ssd_gpio.xpr
INFO: [ProjectBase 1-489] The host OS only allows 260 characters in a normal path. The project is stored in a path with more than 80 characters. If you experience issues with IP, Block Designs, or files not being found, please consider moving the project to a location with a shorter path. Alternately consider using the OS subst command to map part of the path to a drive letter.
Current project path is 'C:/Users/Matt/Desktop/ece315_labs/lab1/kypd_ssd_gpio-20220129T172209Z-001/kypd_ssd_gpio'
Scanning sources...
Finished scanning sources
INFO: [IP_Flow 19-234] Refreshing IP repositories
INFO: [IP_Flow 19-1704] No user IP repositories specified
INFO: [IP_Flow 19-2313] Loaded Vivado IP repository 'C:/Xilinx/Vivado/2019.1/data/ip'.
open_project: Time (s): cpu = 00:00:14 ; elapsed = 00:00:06 . Memory (MB): peak = 770.254 ; gain = 146.586
update_compile_order -fileset sources_1
exit
INFO: [Common 17-206] Exiting Vivado at Wed Feb  2 21:45:48 2022...
