#-----------------------------------------------------------
# Vivado v2019.1 (64-bit)
# SW Build 2552052 on Fri May 24 14:49:42 MDT 2019
# IP Build 2548770 on Fri May 24 18:01:18 MDT 2019
# Start of session at: Sun Jan 30 19:00:40 2022
# Process ID: 46712
# Current directory: C:/Users/bfcoc/Downloads/kypd_ssd_gpio-20220129T172209Z-001/kypd_ssd_gpio
# Command line: vivado.exe -gui_launcher_event rodinguilauncherevent47580 C:\Users\bfcoc\Downloads\kypd_ssd_gpio-20220129T172209Z-001\kypd_ssd_gpio\kypd_ssd_gpio.xpr
# Log file: C:/Users/bfcoc/Downloads/kypd_ssd_gpio-20220129T172209Z-001/kypd_ssd_gpio/vivado.log
# Journal file: C:/Users/bfcoc/Downloads/kypd_ssd_gpio-20220129T172209Z-001/kypd_ssd_gpio\vivado.jou
#-----------------------------------------------------------sstart_guiopen_project C:/Users/bfcoc/Downloads/kypd_ssd_gpio-20220129T172209Z-001/kypd_ssd_gpio/kypd_ssd_gpio.xpr
Scanning sources...
Finished scanning sources
INFO: [IP_Flow 19-234] Refreshing IP repositories
INFO: [IP_Flow 19-170exit
INFO: [Common 17-206] Exiting Vivado at Sun Jan 30 19:01:36 2022...
o IP repository 'C:/Xilinx/Vivado/2019.1/data/ip'.
open_project: Time (s): cpu = 00:00:43 ; elapsed = 00:00:31 . Memory (MB): peak = 879.129 ; gain = 235.605
update_compile_order -fileset sources_1
exit
INFO: [Common 17-206] Exiting Vivado at Sun Jan 30 19:02:20 2022...
