15:14:44 INFO  : Registering command handlers for SDK TCF services
15:14:44 INFO  : Launching XSCT server: xsct.bat -interactive C:\Users\Matt\Desktop\ece315_labs\lab0_matt\Tutoriallab_ECE315\Tutoriallab_ECE315.sdk\temp_xsdb_launch_script.tcl
15:14:47 INFO  : XSCT server has started successfully.
15:14:50 INFO  : Successfully done setting XSCT server connection channel  
15:14:50 INFO  : Successfully done setting SDK workspace  
15:14:50 INFO  : Processing command line option -hwspec C:/Users/Matt/Desktop/ece315_labs/lab0_matt/Tutoriallab_ECE315/Tutoriallab_ECE315.sdk/design_1_wrapper.hdf.
15:33:37 INFO  : Connected to target on host '127.0.0.1' and port '3121'.
15:33:37 INFO  : Jtag cable 'Digilent Zybo Z7 210351A77EE5A' is selected.
15:33:37 INFO  : 'jtag frequency' command is executed.
15:33:37 INFO  : Sourcing of 'C:/Users/Matt/Desktop/ece315_labs/lab0_matt/Tutoriallab_ECE315/Tutoriallab_ECE315.sdk/design_1_wrapper_hw_platform_0/ps7_init.tcl' is done.
15:33:37 INFO  : Context for 'APU' is selected.
15:33:38 INFO  : System reset is completed.
15:33:41 INFO  : 'after 3000' command is executed.
15:33:41 INFO  : 'targets -set -filter {jtag_cable_name =~ "Digilent Zybo Z7 210351A77EE5A" && level==0} -index 1' command is executed.
15:33:42 INFO  : FPGA configured successfully with bitstream "C:/Users/Matt/Desktop/ece315_labs/lab0_matt/Tutoriallab_ECE315/Tutoriallab_ECE315.sdk/design_1_wrapper_hw_platform_0/design_1_wrapper.bit"
15:33:42 INFO  : Context for 'APU' is selected.
15:33:42 INFO  : Hardware design information is loaded from 'C:/Users/Matt/Desktop/ece315_labs/lab0_matt/Tutoriallab_ECE315/Tutoriallab_ECE315.sdk/design_1_wrapper_hw_platform_0/system.hdf'.
15:33:42 INFO  : 'configparams force-mem-access 1' command is executed.
15:33:42 INFO  : Context for 'APU' is selected.
15:33:42 INFO  : 'ps7_init' command is executed.
15:33:42 INFO  : 'ps7_post_config' command is executed.
15:33:42 INFO  : Context for processor 'ps7_cortexa9_0' is selected.
15:33:43 INFO  : The application 'C:/Users/Matt/Desktop/ece315_labs/lab0_matt/Tutoriallab_ECE315/Tutoriallab_ECE315.sdk/helloworld/Debug/helloworld.elf' is downloaded to processor 'ps7_cortexa9_0'.
15:33:43 INFO  : 'configparams force-mem-access 0' command is executed.
15:33:43 INFO  : ----------------XSDB Script----------------
connect -url tcp:127.0.0.1:3121
source C:/Users/Matt/Desktop/ece315_labs/lab0_matt/Tutoriallab_ECE315/Tutoriallab_ECE315.sdk/design_1_wrapper_hw_platform_0/ps7_init.tcl
targets -set -nocase -filter {name =~"APU*" && jtag_cable_name =~ "Digilent Zybo Z7 210351A77EE5A"} -index 0
rst -system
after 3000
targets -set -filter {jtag_cable_name =~ "Digilent Zybo Z7 210351A77EE5A" && level==0} -index 1
fpga -file C:/Users/Matt/Desktop/ece315_labs/lab0_matt/Tutoriallab_ECE315/Tutoriallab_ECE315.sdk/design_1_wrapper_hw_platform_0/design_1_wrapper.bit
targets -set -nocase -filter {name =~"APU*" && jtag_cable_name =~ "Digilent Zybo Z7 210351A77EE5A"} -index 0
loadhw -hw C:/Users/Matt/Desktop/ece315_labs/lab0_matt/Tutoriallab_ECE315/Tutoriallab_ECE315.sdk/design_1_wrapper_hw_platform_0/system.hdf -mem-ranges [list {0x40000000 0xbfffffff}]
configparams force-mem-access 1
targets -set -nocase -filter {name =~"APU*" && jtag_cable_name =~ "Digilent Zybo Z7 210351A77EE5A"} -index 0
ps7_init
ps7_post_config
targets -set -nocase -filter {name =~ "ARM*#0" && jtag_cable_name =~ "Digilent Zybo Z7 210351A77EE5A"} -index 0
dow C:/Users/Matt/Desktop/ece315_labs/lab0_matt/Tutoriallab_ECE315/Tutoriallab_ECE315.sdk/helloworld/Debug/helloworld.elf
configparams force-mem-access 0
----------------End of Script----------------

15:33:43 INFO  : Memory regions updated for context APU
15:33:43 INFO  : Context for processor 'ps7_cortexa9_0' is selected.
15:33:43 INFO  : 'con' command is executed.
15:33:43 INFO  : ----------------XSDB Script (After Launch)----------------
targets -set -nocase -filter {name =~ "ARM*#0" && jtag_cable_name =~ "Digilent Zybo Z7 210351A77EE5A"} -index 0
con
----------------End of Script----------------

15:33:43 INFO  : Launch script is exported to file 'C:\Users\Matt\Desktop\ece315_labs\lab0_matt\Tutoriallab_ECE315\Tutoriallab_ECE315.sdk\.sdk\launch_scripts\xilinx_c-c++_application_(system_debugger)\system_debugger_using_debug_helloworld.elf_on_local.tcl'
15:37:38 INFO  : Disconnected from the channel tcfchan#1.
15:37:39 INFO  : Connected to target on host '127.0.0.1' and port '3121'.
15:37:39 INFO  : Jtag cable 'Digilent Zybo Z7 210351A77EE5A' is selected.
15:37:39 INFO  : 'jtag frequency' command is executed.
15:37:39 INFO  : Sourcing of 'C:/Users/Matt/Desktop/ece315_labs/lab0_matt/Tutoriallab_ECE315/Tutoriallab_ECE315.sdk/design_1_wrapper_hw_platform_0/ps7_init.tcl' is done.
15:37:39 INFO  : Context for 'APU' is selected.
15:37:40 INFO  : System reset is completed.
15:37:43 INFO  : 'after 3000' command is executed.
15:37:43 INFO  : 'targets -set -filter {jtag_cable_name =~ "Digilent Zybo Z7 210351A77EE5A" && level==0} -index 1' command is executed.
15:37:44 INFO  : FPGA configured successfully with bitstream "C:/Users/Matt/Desktop/ece315_labs/lab0_matt/Tutoriallab_ECE315/Tutoriallab_ECE315.sdk/design_1_wrapper_hw_platform_0/design_1_wrapper.bit"
15:37:44 INFO  : Context for 'APU' is selected.
15:37:45 INFO  : Hardware design information is loaded from 'C:/Users/Matt/Desktop/ece315_labs/lab0_matt/Tutoriallab_ECE315/Tutoriallab_ECE315.sdk/design_1_wrapper_hw_platform_0/system.hdf'.
15:37:45 INFO  : 'configparams force-mem-access 1' command is executed.
15:37:45 INFO  : Context for 'APU' is selected.
15:37:46 INFO  : 'ps7_init' command is executed.
15:37:46 INFO  : 'ps7_post_config' command is executed.
15:37:46 INFO  : Context for processor 'ps7_cortexa9_0' is selected.
15:37:46 INFO  : The application 'C:/Users/Matt/Desktop/ece315_labs/lab0_matt/Tutoriallab_ECE315/Tutoriallab_ECE315.sdk/helloworld/Debug/helloworld.elf' is downloaded to processor 'ps7_cortexa9_0'.
15:37:46 INFO  : 'configparams force-mem-access 0' command is executed.
15:37:46 INFO  : ----------------XSDB Script----------------
connect -url tcp:127.0.0.1:3121
source C:/Users/Matt/Desktop/ece315_labs/lab0_matt/Tutoriallab_ECE315/Tutoriallab_ECE315.sdk/design_1_wrapper_hw_platform_0/ps7_init.tcl
targets -set -nocase -filter {name =~"APU*" && jtag_cable_name =~ "Digilent Zybo Z7 210351A77EE5A"} -index 0
rst -system
after 3000
targets -set -filter {jtag_cable_name =~ "Digilent Zybo Z7 210351A77EE5A" && level==0} -index 1
fpga -file C:/Users/Matt/Desktop/ece315_labs/lab0_matt/Tutoriallab_ECE315/Tutoriallab_ECE315.sdk/design_1_wrapper_hw_platform_0/design_1_wrapper.bit
targets -set -nocase -filter {name =~"APU*" && jtag_cable_name =~ "Digilent Zybo Z7 210351A77EE5A"} -index 0
loadhw -hw C:/Users/Matt/Desktop/ece315_labs/lab0_matt/Tutoriallab_ECE315/Tutoriallab_ECE315.sdk/design_1_wrapper_hw_platform_0/system.hdf -mem-ranges [list {0x40000000 0xbfffffff}]
configparams force-mem-access 1
targets -set -nocase -filter {name =~"APU*" && jtag_cable_name =~ "Digilent Zybo Z7 210351A77EE5A"} -index 0
ps7_init
ps7_post_config
targets -set -nocase -filter {name =~ "ARM*#0" && jtag_cable_name =~ "Digilent Zybo Z7 210351A77EE5A"} -index 0
dow C:/Users/Matt/Desktop/ece315_labs/lab0_matt/Tutoriallab_ECE315/Tutoriallab_ECE315.sdk/helloworld/Debug/helloworld.elf
configparams force-mem-access 0
----------------End of Script----------------

15:37:46 INFO  : Memory regions updated for context APU
15:37:46 INFO  : Context for processor 'ps7_cortexa9_0' is selected.
15:37:46 INFO  : 'con' command is executed.
15:37:46 INFO  : ----------------XSDB Script (After Launch)----------------
targets -set -nocase -filter {name =~ "ARM*#0" && jtag_cable_name =~ "Digilent Zybo Z7 210351A77EE5A"} -index 0
con
----------------End of Script----------------

15:37:46 INFO  : Launch script is exported to file 'C:\Users\Matt\Desktop\ece315_labs\lab0_matt\Tutoriallab_ECE315\Tutoriallab_ECE315.sdk\.sdk\launch_scripts\xilinx_c-c++_application_(system_debugger)\system_debugger_using_debug_helloworld.elf_on_local.tcl'
16:10:57 INFO  : Disconnected from the channel tcfchan#2.
16:10:58 INFO  : Connected to target on host '127.0.0.1' and port '3121'.
16:10:58 INFO  : Jtag cable 'Digilent Zybo Z7 210351A77EE5A' is selected.
16:10:58 INFO  : 'jtag frequency' command is executed.
16:10:58 INFO  : Sourcing of 'C:/Users/Matt/Desktop/ece315_labs/lab0_matt/Tutoriallab_ECE315/Tutoriallab_ECE315.sdk/design_1_wrapper_hw_platform_0/ps7_init.tcl' is done.
16:10:58 INFO  : Context for 'APU' is selected.
16:10:58 INFO  : System reset is completed.
16:11:01 INFO  : 'after 3000' command is executed.
16:11:01 INFO  : 'targets -set -filter {jtag_cable_name =~ "Digilent Zybo Z7 210351A77EE5A" && level==0} -index 1' command is executed.
16:11:03 INFO  : FPGA configured successfully with bitstream "C:/Users/Matt/Desktop/ece315_labs/lab0_matt/Tutoriallab_ECE315/Tutoriallab_ECE315.sdk/design_1_wrapper_hw_platform_0/design_1_wrapper.bit"
16:11:03 INFO  : Context for 'APU' is selected.
16:11:04 INFO  : Hardware design information is loaded from 'C:/Users/Matt/Desktop/ece315_labs/lab0_matt/Tutoriallab_ECE315/Tutoriallab_ECE315.sdk/design_1_wrapper_hw_platform_0/system.hdf'.
16:11:04 INFO  : 'configparams force-mem-access 1' command is executed.
16:11:04 INFO  : Context for 'APU' is selected.
16:11:04 INFO  : 'ps7_init' command is executed.
16:11:04 INFO  : 'ps7_post_config' command is executed.
16:11:04 INFO  : Context for processor 'ps7_cortexa9_0' is selected.
16:11:04 INFO  : The application 'C:/Users/Matt/Desktop/ece315_labs/lab0_matt/Tutoriallab_ECE315/Tutoriallab_ECE315.sdk/helloworld/Debug/helloworld.elf' is downloaded to processor 'ps7_cortexa9_0'.
16:11:04 INFO  : 'configparams force-mem-access 0' command is executed.
16:11:04 INFO  : ----------------XSDB Script----------------
connect -url tcp:127.0.0.1:3121
source C:/Users/Matt/Desktop/ece315_labs/lab0_matt/Tutoriallab_ECE315/Tutoriallab_ECE315.sdk/design_1_wrapper_hw_platform_0/ps7_init.tcl
targets -set -nocase -filter {name =~"APU*" && jtag_cable_name =~ "Digilent Zybo Z7 210351A77EE5A"} -index 0
rst -system
after 3000
targets -set -filter {jtag_cable_name =~ "Digilent Zybo Z7 210351A77EE5A" && level==0} -index 1
fpga -file C:/Users/Matt/Desktop/ece315_labs/lab0_matt/Tutoriallab_ECE315/Tutoriallab_ECE315.sdk/design_1_wrapper_hw_platform_0/design_1_wrapper.bit
targets -set -nocase -filter {name =~"APU*" && jtag_cable_name =~ "Digilent Zybo Z7 210351A77EE5A"} -index 0
loadhw -hw C:/Users/Matt/Desktop/ece315_labs/lab0_matt/Tutoriallab_ECE315/Tutoriallab_ECE315.sdk/design_1_wrapper_hw_platform_0/system.hdf -mem-ranges [list {0x40000000 0xbfffffff}]
configparams force-mem-access 1
targets -set -nocase -filter {name =~"APU*" && jtag_cable_name =~ "Digilent Zybo Z7 210351A77EE5A"} -index 0
ps7_init
ps7_post_config
targets -set -nocase -filter {name =~ "ARM*#0" && jtag_cable_name =~ "Digilent Zybo Z7 210351A77EE5A"} -index 0
dow C:/Users/Matt/Desktop/ece315_labs/lab0_matt/Tutoriallab_ECE315/Tutoriallab_ECE315.sdk/helloworld/Debug/helloworld.elf
configparams force-mem-access 0
----------------End of Script----------------

16:11:04 INFO  : Memory regions updated for context APU
16:11:04 INFO  : Context for processor 'ps7_cortexa9_0' is selected.
16:11:04 INFO  : 'con' command is executed.
16:11:04 INFO  : ----------------XSDB Script (After Launch)----------------
targets -set -nocase -filter {name =~ "ARM*#0" && jtag_cable_name =~ "Digilent Zybo Z7 210351A77EE5A"} -index 0
con
----------------End of Script----------------

16:11:04 INFO  : Launch script is exported to file 'C:\Users\Matt\Desktop\ece315_labs\lab0_matt\Tutoriallab_ECE315\Tutoriallab_ECE315.sdk\.sdk\launch_scripts\xilinx_c-c++_application_(system_debugger)\system_debugger_using_debug_helloworld.elf_on_local.tcl'
16:14:28 INFO  : Disconnected from the channel tcfchan#3.
16:14:29 INFO  : Connected to target on host '127.0.0.1' and port '3121'.
16:14:29 INFO  : Jtag cable 'Digilent Zybo Z7 210351A77EE5A' is selected.
16:14:29 INFO  : 'jtag frequency' command is executed.
16:14:29 INFO  : Sourcing of 'C:/Users/Matt/Desktop/ece315_labs/lab0_matt/Tutoriallab_ECE315/Tutoriallab_ECE315.sdk/design_1_wrapper_hw_platform_0/ps7_init.tcl' is done.
16:14:29 INFO  : Context for 'APU' is selected.
16:14:29 INFO  : System reset is completed.
16:14:32 INFO  : 'after 3000' command is executed.
16:14:32 INFO  : 'targets -set -filter {jtag_cable_name =~ "Digilent Zybo Z7 210351A77EE5A" && level==0} -index 1' command is executed.
16:14:33 INFO  : FPGA configured successfully with bitstream "C:/Users/Matt/Desktop/ece315_labs/lab0_matt/Tutoriallab_ECE315/Tutoriallab_ECE315.sdk/design_1_wrapper_hw_platform_0/design_1_wrapper.bit"
16:14:33 INFO  : Context for 'APU' is selected.
16:14:35 INFO  : Hardware design information is loaded from 'C:/Users/Matt/Desktop/ece315_labs/lab0_matt/Tutoriallab_ECE315/Tutoriallab_ECE315.sdk/design_1_wrapper_hw_platform_0/system.hdf'.
16:14:35 INFO  : 'configparams force-mem-access 1' command is executed.
16:14:35 INFO  : Context for 'APU' is selected.
16:14:35 INFO  : 'ps7_init' command is executed.
16:14:35 INFO  : 'ps7_post_config' command is executed.
16:14:35 INFO  : Context for processor 'ps7_cortexa9_0' is selected.
16:14:35 INFO  : The application 'C:/Users/Matt/Desktop/ece315_labs/lab0_matt/Tutoriallab_ECE315/Tutoriallab_ECE315.sdk/gpio_leds/Debug/gpio_leds.elf' is downloaded to processor 'ps7_cortexa9_0'.
16:14:35 INFO  : 'configparams force-mem-access 0' command is executed.
16:14:35 INFO  : ----------------XSDB Script----------------
connect -url tcp:127.0.0.1:3121
source C:/Users/Matt/Desktop/ece315_labs/lab0_matt/Tutoriallab_ECE315/Tutoriallab_ECE315.sdk/design_1_wrapper_hw_platform_0/ps7_init.tcl
targets -set -nocase -filter {name =~"APU*" && jtag_cable_name =~ "Digilent Zybo Z7 210351A77EE5A"} -index 0
rst -system
after 3000
targets -set -filter {jtag_cable_name =~ "Digilent Zybo Z7 210351A77EE5A" && level==0} -index 1
fpga -file C:/Users/Matt/Desktop/ece315_labs/lab0_matt/Tutoriallab_ECE315/Tutoriallab_ECE315.sdk/design_1_wrapper_hw_platform_0/design_1_wrapper.bit
targets -set -nocase -filter {name =~"APU*" && jtag_cable_name =~ "Digilent Zybo Z7 210351A77EE5A"} -index 0
loadhw -hw C:/Users/Matt/Desktop/ece315_labs/lab0_matt/Tutoriallab_ECE315/Tutoriallab_ECE315.sdk/design_1_wrapper_hw_platform_0/system.hdf -mem-ranges [list {0x40000000 0xbfffffff}]
configparams force-mem-access 1
targets -set -nocase -filter {name =~"APU*" && jtag_cable_name =~ "Digilent Zybo Z7 210351A77EE5A"} -index 0
ps7_init
ps7_post_config
targets -set -nocase -filter {name =~ "ARM*#0" && jtag_cable_name =~ "Digilent Zybo Z7 210351A77EE5A"} -index 0
dow C:/Users/Matt/Desktop/ece315_labs/lab0_matt/Tutoriallab_ECE315/Tutoriallab_ECE315.sdk/gpio_leds/Debug/gpio_leds.elf
configparams force-mem-access 0
----------------End of Script----------------

16:14:35 INFO  : Memory regions updated for context APU
16:14:35 INFO  : Context for processor 'ps7_cortexa9_0' is selected.
16:14:35 INFO  : 'con' command is executed.
16:14:35 INFO  : ----------------XSDB Script (After Launch)----------------
targets -set -nocase -filter {name =~ "ARM*#0" && jtag_cable_name =~ "Digilent Zybo Z7 210351A77EE5A"} -index 0
con
----------------End of Script----------------

16:14:35 INFO  : Launch script is exported to file 'C:\Users\Matt\Desktop\ece315_labs\lab0_matt\Tutoriallab_ECE315\Tutoriallab_ECE315.sdk\.sdk\launch_scripts\xilinx_c-c++_application_(system_debugger)\system_debugger_using_debug_helloworld.elf_on_local.tcl'
16:16:32 INFO  : Disconnected from the channel tcfchan#4.
16:16:33 INFO  : Connected to target on host '127.0.0.1' and port '3121'.
16:16:33 INFO  : Jtag cable 'Digilent Zybo Z7 210351A77EE5A' is selected.
16:16:33 INFO  : 'jtag frequency' command is executed.
16:16:33 INFO  : Sourcing of 'C:/Users/Matt/Desktop/ece315_labs/lab0_matt/Tutoriallab_ECE315/Tutoriallab_ECE315.sdk/design_1_wrapper_hw_platform_0/ps7_init.tcl' is done.
16:16:33 INFO  : Context for 'APU' is selected.
16:16:33 INFO  : System reset is completed.
16:16:36 INFO  : 'after 3000' command is executed.
16:16:36 INFO  : 'targets -set -filter {jtag_cable_name =~ "Digilent Zybo Z7 210351A77EE5A" && level==0} -index 1' command is executed.
16:16:37 INFO  : FPGA configured successfully with bitstream "C:/Users/Matt/Desktop/ece315_labs/lab0_matt/Tutoriallab_ECE315/Tutoriallab_ECE315.sdk/design_1_wrapper_hw_platform_0/design_1_wrapper.bit"
16:16:37 INFO  : Context for 'APU' is selected.
16:16:38 INFO  : Hardware design information is loaded from 'C:/Users/Matt/Desktop/ece315_labs/lab0_matt/Tutoriallab_ECE315/Tutoriallab_ECE315.sdk/design_1_wrapper_hw_platform_0/system.hdf'.
16:16:38 INFO  : 'configparams force-mem-access 1' command is executed.
16:16:38 INFO  : Context for 'APU' is selected.
16:16:39 INFO  : 'ps7_init' command is executed.
16:16:39 INFO  : 'ps7_post_config' command is executed.
16:16:39 INFO  : Context for processor 'ps7_cortexa9_0' is selected.
16:16:39 INFO  : The application 'C:/Users/Matt/Desktop/ece315_labs/lab0_matt/Tutoriallab_ECE315/Tutoriallab_ECE315.sdk/gpio_leds/Debug/gpio_leds.elf' is downloaded to processor 'ps7_cortexa9_0'.
16:16:39 INFO  : 'configparams force-mem-access 0' command is executed.
16:16:39 INFO  : ----------------XSDB Script----------------
connect -url tcp:127.0.0.1:3121
source C:/Users/Matt/Desktop/ece315_labs/lab0_matt/Tutoriallab_ECE315/Tutoriallab_ECE315.sdk/design_1_wrapper_hw_platform_0/ps7_init.tcl
targets -set -nocase -filter {name =~"APU*" && jtag_cable_name =~ "Digilent Zybo Z7 210351A77EE5A"} -index 0
rst -system
after 3000
targets -set -filter {jtag_cable_name =~ "Digilent Zybo Z7 210351A77EE5A" && level==0} -index 1
fpga -file C:/Users/Matt/Desktop/ece315_labs/lab0_matt/Tutoriallab_ECE315/Tutoriallab_ECE315.sdk/design_1_wrapper_hw_platform_0/design_1_wrapper.bit
targets -set -nocase -filter {name =~"APU*" && jtag_cable_name =~ "Digilent Zybo Z7 210351A77EE5A"} -index 0
loadhw -hw C:/Users/Matt/Desktop/ece315_labs/lab0_matt/Tutoriallab_ECE315/Tutoriallab_ECE315.sdk/design_1_wrapper_hw_platform_0/system.hdf -mem-ranges [list {0x40000000 0xbfffffff}]
configparams force-mem-access 1
targets -set -nocase -filter {name =~"APU*" && jtag_cable_name =~ "Digilent Zybo Z7 210351A77EE5A"} -index 0
ps7_init
ps7_post_config
targets -set -nocase -filter {name =~ "ARM*#0" && jtag_cable_name =~ "Digilent Zybo Z7 210351A77EE5A"} -index 0
dow C:/Users/Matt/Desktop/ece315_labs/lab0_matt/Tutoriallab_ECE315/Tutoriallab_ECE315.sdk/gpio_leds/Debug/gpio_leds.elf
configparams force-mem-access 0
----------------End of Script----------------

16:16:39 INFO  : Memory regions updated for context APU
16:16:39 INFO  : Context for processor 'ps7_cortexa9_0' is selected.
16:16:39 INFO  : 'con' command is executed.
16:16:39 INFO  : ----------------XSDB Script (After Launch)----------------
targets -set -nocase -filter {name =~ "ARM*#0" && jtag_cable_name =~ "Digilent Zybo Z7 210351A77EE5A"} -index 0
con
----------------End of Script----------------

16:16:39 INFO  : Launch script is exported to file 'C:\Users\Matt\Desktop\ece315_labs\lab0_matt\Tutoriallab_ECE315\Tutoriallab_ECE315.sdk\.sdk\launch_scripts\xilinx_c-c++_application_(system_debugger)\system_debugger_using_debug_helloworld.elf_on_local.tcl'
